[20:06:43.794] Global cache location '/Users/wayneolson/Library/Caches/typescript/4.9', safe file path '/users/wayneolson/.nvm/versions/node/v14.17.4/lib/node_modules/typescript/lib/typingsafelist.json', types map path /users/wayneolson/.nvm/versions/node/v14.17.4/lib/node_modules/typescript/lib/typesmap.json
[20:06:43.795] Processing cache location '/Users/wayneolson/Library/Caches/typescript/4.9'
[20:06:43.795] Trying to find '/Users/wayneolson/Library/Caches/typescript/4.9/package.json'...
[20:06:43.797] Loaded content of '/Users/wayneolson/Library/Caches/typescript/4.9/package.json': {"private":true,"dependencies":{"types-registry":"^0.1.628"},"devDependencies":{"@types/busboy":"^1.5.0","@types/concat-stream":"^2.0.0","@types/cors":"^2.8.13","@types/eslint":"^8.4.10","@types/express":"^4.17.16","@types/lodash.foreach":"^4.5.7","@types/lodash.get":"^4.4.7","@types/lodash.merge":"^4.6.7","@types/mkdirp":"^1.0.2","@types/mongoose-unique-validator":"^1.0.6","@types/multer":"^1.4.7","@types/nodemon":"^1.19.2","@types/pg":"^8.6.6","@types/pg-pool":"^2.0.3","@types/type-is":"^1.6.3","@types/uuid":"^9.0.0","@types/xtend":"^4.0.4"}}
[20:06:43.797] Loaded content of '/Users/wayneolson/Library/Caches/typescript/4.9/package-lock.json'
[20:06:43.802] Adding entry into typings cache: 'busboy' => '/Users/wayneolson/Library/Caches/typescript/4.9/node_modules/@types/busboy/index.d.ts'
[20:06:43.803] Adding entry into typings cache: 'concat-stream' => '/Users/wayneolson/Library/Caches/typescript/4.9/node_modules/@types/concat-stream/index.d.ts'
[20:06:43.804] Adding entry into typings cache: 'cors' => '/Users/wayneolson/Library/Caches/typescript/4.9/node_modules/@types/cors/index.d.ts'
[20:06:43.806] Adding entry into typings cache: 'eslint' => '/Users/wayneolson/Library/Caches/typescript/4.9/node_modules/@types/eslint/index.d.ts'
[20:06:43.807] Adding entry into typings cache: 'express' => '/Users/wayneolson/Library/Caches/typescript/4.9/node_modules/@types/express/index.d.ts'
[20:06:43.808] Adding entry into typings cache: 'lodash.foreach' => '/Users/wayneolson/Library/Caches/typescript/4.9/node_modules/@types/lodash.foreach/index.d.ts'
[20:06:43.809] Adding entry into typings cache: 'lodash.get' => '/Users/wayneolson/Library/Caches/typescript/4.9/node_modules/@types/lodash.get/index.d.ts'
[20:06:43.809] Adding entry into typings cache: 'lodash.merge' => '/Users/wayneolson/Library/Caches/typescript/4.9/node_modules/@types/lodash.merge/index.d.ts'
[20:06:43.811] Adding entry into typings cache: 'mkdirp' => '/Users/wayneolson/Library/Caches/typescript/4.9/node_modules/@types/mkdirp/index.d.ts'
[20:06:43.811] Adding entry into typings cache: 'mongoose-unique-validator' => '/Users/wayneolson/Library/Caches/typescript/4.9/node_modules/@types/mongoose-unique-validator/index.d.ts'
[20:06:43.812] Adding entry into typings cache: 'multer' => '/Users/wayneolson/Library/Caches/typescript/4.9/node_modules/@types/multer/index.d.ts'
[20:06:43.813] Adding entry into typings cache: 'nodemon' => '/Users/wayneolson/Library/Caches/typescript/4.9/node_modules/@types/nodemon/index.d.ts'
[20:06:43.814] Adding entry into typings cache: 'pg' => '/Users/wayneolson/Library/Caches/typescript/4.9/node_modules/@types/pg/index.d.ts'
[20:06:43.815] Adding entry into typings cache: 'pg-pool' => '/Users/wayneolson/Library/Caches/typescript/4.9/node_modules/@types/pg-pool/index.d.ts'
[20:06:43.817] Adding entry into typings cache: 'type-is' => '/Users/wayneolson/Library/Caches/typescript/4.9/node_modules/@types/type-is/index.d.ts'
[20:06:43.821] Adding entry into typings cache: 'uuid' => '/Users/wayneolson/Library/Caches/typescript/4.9/node_modules/@types/uuid/index.d.ts'
[20:06:43.822] Adding entry into typings cache: 'xtend' => '/Users/wayneolson/Library/Caches/typescript/4.9/node_modules/@types/xtend/index.d.ts'
[20:06:43.822] Finished processing cache location '/Users/wayneolson/Library/Caches/typescript/4.9'
[20:06:43.822] Process id: 21147
[20:06:43.822] NPM location: /Users/wayneolson/.nvm/versions/node/v14.17.4/bin/npm (explicit '--npmLocation' not  provided)
[20:06:43.823] validateDefaultNpmLocation: false
[20:06:43.823] Npm config file: /Users/wayneolson/Library/Caches/typescript/4.9/package.json
[20:06:43.823] Updating types-registry npm package...
[20:06:43.823] Exec: /Users/wayneolson/.nvm/versions/node/v14.17.4/bin/npm install --ignore-scripts types-registry@latest
[20:06:44.474]     Succeeded. stdout:
    
    up to date, audited 140 packages in 370ms

5 packages are looking for funding
  run `npm fund` for details

found 0 vulnerabilities

[20:06:44.474] Updated types-registry npm package
[20:06:44.698] Got install request {"projectName":"/dev/null/inferredProject1*","fileNames":["/Users/wayneolson/.nvm/versions/node/v14.17.4/lib/node_modules/typescript/lib/lib.es5.d.ts","/Users/wayneolson/.nvm/versions/node/v14.17.4/lib/node_modules/typescript/lib/lib.es2015.d.ts","/Users/wayneolson/.nvm/versions/node/v14.17.4/lib/node_modules/typescript/lib/lib.es2016.d.ts","/Users/wayneolson/.nvm/versions/node/v14.17.4/lib/node_modules/typescript/lib/lib.dom.d.ts","/Users/wayneolson/.nvm/versions/node/v14.17.4/lib/node_modules/typescript/lib/lib.dom.iterable.d.ts","/Users/wayneolson/.nvm/versions/node/v14.17.4/lib/node_modules/typescript/lib/lib.webworker.importscripts.d.ts","/Users/wayneolson/.nvm/versions/node/v14.17.4/lib/node_modules/typescript/lib/lib.scripthost.d.ts","/Users/wayneolson/.nvm/versions/node/v14.17.4/lib/node_modules/typescript/lib/lib.es2015.core.d.ts","/Users/wayneolson/.nvm/versions/node/v14.17.4/lib/node_modules/typescript/lib/lib.es2015.collection.d.ts","/Users/wayneolson/.nvm/versions/node/v14.17.4/lib/node_modules/typescript/lib/lib.es2015.generator.d.ts","/Users/wayneolson/.nvm/versions/node/v14.17.4/lib/node_modules/typescript/lib/lib.es2015.iterable.d.ts","/Users/wayneolson/.nvm/versions/node/v14.17.4/lib/node_modules/typescript/lib/lib.es2015.promise.d.ts","/Users/wayneolson/.nvm/versions/node/v14.17.4/lib/node_modules/typescript/lib/lib.es2015.proxy.d.ts","/Users/wayneolson/.nvm/versions/node/v14.17.4/lib/node_modules/typescript/lib/lib.es2015.reflect.d.ts","/Users/wayneolson/.nvm/versions/node/v14.17.4/lib/node_modules/typescript/lib/lib.es2015.symbol.d.ts","/Users/wayneolson/.nvm/versions/node/v14.17.4/lib/node_modules/typescript/lib/lib.es2015.symbol.wellknown.d.ts","/Users/wayneolson/.nvm/versions/node/v14.17.4/lib/node_modules/typescript/lib/lib.es2016.array.include.d.ts","/Users/wayneolson/.nvm/versions/node/v14.17.4/lib/node_modules/typescript/lib/lib.es2016.full.d.ts","/Users/wayneolson/dev/capstone/panicbin/backend/src/app.js"],"compilerOptions":{"module":1,"target":3,"jsx":1,"allowJs":true,"allowSyntheticDefaultImports":true,"allowNonTsExtensions":true,"noEmitForJsFiles":true,"maxNodeModuleJsDepth":2},"typeAcquisition":{"enable":true,"include":[],"exclude":[]},"unresolvedImports":[],"projectRootPath":"/Users/wayneolson/dev/capstone/panicbin/backend/src","kind":"discover"}
[20:06:44.706] Loaded safelist from types map file '/users/wayneolson/.nvm/versions/node/v14.17.4/lib/node_modules/typescript/lib/typesmap.json'
[20:06:44.706] Explicitly included types: []
[20:06:44.707] Inferred typings from unresolved imports: []
[20:06:44.707] Result: {"cachedTypingPaths":[],"newTypingNames":[],"filesToWatch":["/Users/wayneolson/dev/capstone/panicbin/backend/src/bower_components","/Users/wayneolson/dev/capstone/panicbin/backend/src/node_modules"]}
[20:06:44.707] Finished typings discovery: {"cachedTypingPaths":[],"newTypingNames":[],"filesToWatch":["/Users/wayneolson/dev/capstone/panicbin/backend/src/bower_components","/Users/wayneolson/dev/capstone/panicbin/backend/src/node_modules"]}
[20:06:44.707] DirectoryWatcher:: Added:: WatchInfo: /Users/wayneolson/dev/capstone/panicbin/backend/src/bower_components
[20:06:44.707] DirectoryWatcher:: Added:: WatchInfo: /Users/wayneolson/dev/capstone/panicbin/backend/src/bower_components 1 undefined Project: /dev/null/inferredProject1* watcher already invoked: false
[20:06:44.708] Elapsed:: 1ms DirectoryWatcher:: Added:: WatchInfo: /Users/wayneolson/dev/capstone/panicbin/backend/src/bower_components 1 undefined Project: /dev/null/inferredProject1* watcher already invoked: false
[20:06:44.708] DirectoryWatcher:: Added:: WatchInfo: /Users/wayneolson/dev/capstone/panicbin/backend/src/node_modules
[20:06:44.708] DirectoryWatcher:: Added:: WatchInfo: /Users/wayneolson/dev/capstone/panicbin/backend/src/node_modules 1 undefined Project: /dev/null/inferredProject1* watcher already invoked: false
[20:06:44.708] Elapsed:: 0ms DirectoryWatcher:: Added:: WatchInfo: /Users/wayneolson/dev/capstone/panicbin/backend/src/node_modules 1 undefined Project: /dev/null/inferredProject1* watcher already invoked: false
[20:06:44.708] Sending response:
    {"projectName":"/dev/null/inferredProject1*","typeAcquisition":{"enable":true,"include":[],"exclude":[]},"compilerOptions":{"module":1,"target":3,"jsx":1,"allowJs":true,"allowSyntheticDefaultImports":true,"allowNonTsExtensions":true,"noEmitForJsFiles":true,"maxNodeModuleJsDepth":2},"typings":[],"unresolvedImports":[],"kind":"action::set"}
[20:06:44.708] Response has been sent.
[20:06:44.708] No new typings were requested as a result of typings discovery
